[2025-06-14 02:24:17] local.ERROR: Class "Kreait\Firebase\Factory" not found {"exception":"[object] (Error(code: 0): Class \"Kreait\\Firebase\\Factory\" not found at D:\\Usuarios\\Agustin\\Documents\\Facultad\\2025\\1er Cuatri\\COMPUTACIÓN MÓVIL BASADA SERVICIOS\\TpFinal\\tragolisto_backend\\lumen-backend\\app\\Http\\Controllers\\LoginGoogleController.php:21)
[stacktrace]
#0 D:\\Usuarios\\Agustin\\Documents\\Facultad\\2025\\1er Cuatri\\COMPUTACIÓN MÓVIL BASADA SERVICIOS\\TpFinal\\tragolisto_backend\\lumen-backend\\vendor\\illuminate\\container\\BoundMethod.php(36): App\\Http\\Controllers\\LoginGoogleController->login()
#1 D:\\Usuarios\\Agustin\\Documents\\Facultad\\2025\\1er Cuatri\\COMPUTACIÓN MÓVIL BASADA SERVICIOS\\TpFinal\\tragolisto_backend\\lumen-backend\\vendor\\illuminate\\container\\Util.php(41): Illuminate\\Container\\BoundMethod::Illuminate\\Container\\{closure}()
#2 D:\\Usuarios\\Agustin\\Documents\\Facultad\\2025\\1er Cuatri\\COMPUTACIÓN MÓVIL BASADA SERVICIOS\\TpFinal\\tragolisto_backend\\lumen-backend\\vendor\\illuminate\\container\\BoundMethod.php(93): Illuminate\\Container\\Util::unwrapIfClosure()
#3 D:\\Usuarios\\Agustin\\Documents\\Facultad\\2025\\1er Cuatri\\COMPUTACIÓN MÓVIL BASADA SERVICIOS\\TpFinal\\tragolisto_backend\\lumen-backend\\vendor\\illuminate\\container\\BoundMethod.php(35): Illuminate\\Container\\BoundMethod::callBoundMethod()
#4 D:\\Usuarios\\Agustin\\Documents\\Facultad\\2025\\1er Cuatri\\COMPUTACIÓN MÓVIL BASADA SERVICIOS\\TpFinal\\tragolisto_backend\\lumen-backend\\vendor\\illuminate\\container\\Container.php(662): Illuminate\\Container\\BoundMethod::call()
#5 D:\\Usuarios\\Agustin\\Documents\\Facultad\\2025\\1er Cuatri\\COMPUTACIÓN MÓVIL BASADA SERVICIOS\\TpFinal\\tragolisto_backend\\lumen-backend\\vendor\\laravel\\lumen-framework\\src\\Concerns\\RoutesRequests.php(391): Illuminate\\Container\\Container->call()
#6 D:\\Usuarios\\Agustin\\Documents\\Facultad\\2025\\1er Cuatri\\COMPUTACIÓN MÓVIL BASADA SERVICIOS\\TpFinal\\tragolisto_backend\\lumen-backend\\vendor\\laravel\\lumen-framework\\src\\Concerns\\RoutesRequests.php(356): Laravel\\Lumen\\Application->callControllerCallable()
#7 D:\\Usuarios\\Agustin\\Documents\\Facultad\\2025\\1er Cuatri\\COMPUTACIÓN MÓVIL BASADA SERVICIOS\\TpFinal\\tragolisto_backend\\lumen-backend\\vendor\\laravel\\lumen-framework\\src\\Concerns\\RoutesRequests.php(331): Laravel\\Lumen\\Application->callLumenController()
#8 D:\\Usuarios\\Agustin\\Documents\\Facultad\\2025\\1er Cuatri\\COMPUTACIÓN MÓVIL BASADA SERVICIOS\\TpFinal\\tragolisto_backend\\lumen-backend\\vendor\\laravel\\lumen-framework\\src\\Concerns\\RoutesRequests.php(284): Laravel\\Lumen\\Application->callControllerAction()
#9 D:\\Usuarios\\Agustin\\Documents\\Facultad\\2025\\1er Cuatri\\COMPUTACIÓN MÓVIL BASADA SERVICIOS\\TpFinal\\tragolisto_backend\\lumen-backend\\vendor\\laravel\\lumen-framework\\src\\Concerns\\RoutesRequests.php(269): Laravel\\Lumen\\Application->callActionOnArrayBasedRoute()
#10 D:\\Usuarios\\Agustin\\Documents\\Facultad\\2025\\1er Cuatri\\COMPUTACIÓN MÓVIL BASADA SERVICIOS\\TpFinal\\tragolisto_backend\\lumen-backend\\vendor\\laravel\\lumen-framework\\src\\Concerns\\RoutesRequests.php(171): Laravel\\Lumen\\Application->handleFoundRoute()
#11 D:\\Usuarios\\Agustin\\Documents\\Facultad\\2025\\1er Cuatri\\COMPUTACIÓN MÓVIL BASADA SERVICIOS\\TpFinal\\tragolisto_backend\\lumen-backend\\vendor\\laravel\\lumen-framework\\src\\Concerns\\RoutesRequests.php(431): Laravel\\Lumen\\Application->Laravel\\Lumen\\Concerns\\{closure}()
#12 D:\\Usuarios\\Agustin\\Documents\\Facultad\\2025\\1er Cuatri\\COMPUTACIÓN MÓVIL BASADA SERVICIOS\\TpFinal\\tragolisto_backend\\lumen-backend\\vendor\\laravel\\lumen-framework\\src\\Concerns\\RoutesRequests.php(167): Laravel\\Lumen\\Application->sendThroughPipeline()
#13 D:\\Usuarios\\Agustin\\Documents\\Facultad\\2025\\1er Cuatri\\COMPUTACIÓN MÓVIL BASADA SERVICIOS\\TpFinal\\tragolisto_backend\\lumen-backend\\vendor\\laravel\\lumen-framework\\src\\Concerns\\RoutesRequests.php(112): Laravel\\Lumen\\Application->dispatch()
#14 D:\\Usuarios\\Agustin\\Documents\\Facultad\\2025\\1er Cuatri\\COMPUTACIÓN MÓVIL BASADA SERVICIOS\\TpFinal\\tragolisto_backend\\lumen-backend\\public\\index.php(7): Laravel\\Lumen\\Application->run()
#15 {main}
"} 
[2025-06-14 02:24:25] local.ERROR: Class "Kreait\Firebase\Factory" not found {"exception":"[object] (Error(code: 0): Class \"Kreait\\Firebase\\Factory\" not found at D:\\Usuarios\\Agustin\\Documents\\Facultad\\2025\\1er Cuatri\\COMPUTACIÓN MÓVIL BASADA SERVICIOS\\TpFinal\\tragolisto_backend\\lumen-backend\\app\\Http\\Controllers\\LoginGoogleController.php:21)
[stacktrace]
#0 D:\\Usuarios\\Agustin\\Documents\\Facultad\\2025\\1er Cuatri\\COMPUTACIÓN MÓVIL BASADA SERVICIOS\\TpFinal\\tragolisto_backend\\lumen-backend\\vendor\\illuminate\\container\\BoundMethod.php(36): App\\Http\\Controllers\\LoginGoogleController->login()
#1 D:\\Usuarios\\Agustin\\Documents\\Facultad\\2025\\1er Cuatri\\COMPUTACIÓN MÓVIL BASADA SERVICIOS\\TpFinal\\tragolisto_backend\\lumen-backend\\vendor\\illuminate\\container\\Util.php(41): Illuminate\\Container\\BoundMethod::Illuminate\\Container\\{closure}()
#2 D:\\Usuarios\\Agustin\\Documents\\Facultad\\2025\\1er Cuatri\\COMPUTACIÓN MÓVIL BASADA SERVICIOS\\TpFinal\\tragolisto_backend\\lumen-backend\\vendor\\illuminate\\container\\BoundMethod.php(93): Illuminate\\Container\\Util::unwrapIfClosure()
#3 D:\\Usuarios\\Agustin\\Documents\\Facultad\\2025\\1er Cuatri\\COMPUTACIÓN MÓVIL BASADA SERVICIOS\\TpFinal\\tragolisto_backend\\lumen-backend\\vendor\\illuminate\\container\\BoundMethod.php(35): Illuminate\\Container\\BoundMethod::callBoundMethod()
#4 D:\\Usuarios\\Agustin\\Documents\\Facultad\\2025\\1er Cuatri\\COMPUTACIÓN MÓVIL BASADA SERVICIOS\\TpFinal\\tragolisto_backend\\lumen-backend\\vendor\\illuminate\\container\\Container.php(662): Illuminate\\Container\\BoundMethod::call()
#5 D:\\Usuarios\\Agustin\\Documents\\Facultad\\2025\\1er Cuatri\\COMPUTACIÓN MÓVIL BASADA SERVICIOS\\TpFinal\\tragolisto_backend\\lumen-backend\\vendor\\laravel\\lumen-framework\\src\\Concerns\\RoutesRequests.php(391): Illuminate\\Container\\Container->call()
#6 D:\\Usuarios\\Agustin\\Documents\\Facultad\\2025\\1er Cuatri\\COMPUTACIÓN MÓVIL BASADA SERVICIOS\\TpFinal\\tragolisto_backend\\lumen-backend\\vendor\\laravel\\lumen-framework\\src\\Concerns\\RoutesRequests.php(356): Laravel\\Lumen\\Application->callControllerCallable()
#7 D:\\Usuarios\\Agustin\\Documents\\Facultad\\2025\\1er Cuatri\\COMPUTACIÓN MÓVIL BASADA SERVICIOS\\TpFinal\\tragolisto_backend\\lumen-backend\\vendor\\laravel\\lumen-framework\\src\\Concerns\\RoutesRequests.php(331): Laravel\\Lumen\\Application->callLumenController()
#8 D:\\Usuarios\\Agustin\\Documents\\Facultad\\2025\\1er Cuatri\\COMPUTACIÓN MÓVIL BASADA SERVICIOS\\TpFinal\\tragolisto_backend\\lumen-backend\\vendor\\laravel\\lumen-framework\\src\\Concerns\\RoutesRequests.php(284): Laravel\\Lumen\\Application->callControllerAction()
#9 D:\\Usuarios\\Agustin\\Documents\\Facultad\\2025\\1er Cuatri\\COMPUTACIÓN MÓVIL BASADA SERVICIOS\\TpFinal\\tragolisto_backend\\lumen-backend\\vendor\\laravel\\lumen-framework\\src\\Concerns\\RoutesRequests.php(269): Laravel\\Lumen\\Application->callActionOnArrayBasedRoute()
#10 D:\\Usuarios\\Agustin\\Documents\\Facultad\\2025\\1er Cuatri\\COMPUTACIÓN MÓVIL BASADA SERVICIOS\\TpFinal\\tragolisto_backend\\lumen-backend\\vendor\\laravel\\lumen-framework\\src\\Concerns\\RoutesRequests.php(171): Laravel\\Lumen\\Application->handleFoundRoute()
#11 D:\\Usuarios\\Agustin\\Documents\\Facultad\\2025\\1er Cuatri\\COMPUTACIÓN MÓVIL BASADA SERVICIOS\\TpFinal\\tragolisto_backend\\lumen-backend\\vendor\\laravel\\lumen-framework\\src\\Concerns\\RoutesRequests.php(431): Laravel\\Lumen\\Application->Laravel\\Lumen\\Concerns\\{closure}()
#12 D:\\Usuarios\\Agustin\\Documents\\Facultad\\2025\\1er Cuatri\\COMPUTACIÓN MÓVIL BASADA SERVICIOS\\TpFinal\\tragolisto_backend\\lumen-backend\\vendor\\laravel\\lumen-framework\\src\\Concerns\\RoutesRequests.php(167): Laravel\\Lumen\\Application->sendThroughPipeline()
#13 D:\\Usuarios\\Agustin\\Documents\\Facultad\\2025\\1er Cuatri\\COMPUTACIÓN MÓVIL BASADA SERVICIOS\\TpFinal\\tragolisto_backend\\lumen-backend\\vendor\\laravel\\lumen-framework\\src\\Concerns\\RoutesRequests.php(112): Laravel\\Lumen\\Application->dispatch()
#14 D:\\Usuarios\\Agustin\\Documents\\Facultad\\2025\\1er Cuatri\\COMPUTACIÓN MÓVIL BASADA SERVICIOS\\TpFinal\\tragolisto_backend\\lumen-backend\\public\\index.php(7): Laravel\\Lumen\\Application->run()
#15 {main}
"} 
[2025-06-14 02:28:06] local.ERROR: Class "Kreait\Firebase\Factory" not found {"exception":"[object] (Error(code: 0): Class \"Kreait\\Firebase\\Factory\" not found at D:\\Usuarios\\Agustin\\Documents\\Facultad\\2025\\1er Cuatri\\COMPUTACIÓN MÓVIL BASADA SERVICIOS\\TpFinal\\tragolisto_backend\\lumen-backend\\app\\Http\\Controllers\\LoginGoogleController.php:21)
[stacktrace]
#0 D:\\Usuarios\\Agustin\\Documents\\Facultad\\2025\\1er Cuatri\\COMPUTACIÓN MÓVIL BASADA SERVICIOS\\TpFinal\\tragolisto_backend\\lumen-backend\\vendor\\illuminate\\container\\BoundMethod.php(36): App\\Http\\Controllers\\LoginGoogleController->login()
#1 D:\\Usuarios\\Agustin\\Documents\\Facultad\\2025\\1er Cuatri\\COMPUTACIÓN MÓVIL BASADA SERVICIOS\\TpFinal\\tragolisto_backend\\lumen-backend\\vendor\\illuminate\\container\\Util.php(41): Illuminate\\Container\\BoundMethod::Illuminate\\Container\\{closure}()
#2 D:\\Usuarios\\Agustin\\Documents\\Facultad\\2025\\1er Cuatri\\COMPUTACIÓN MÓVIL BASADA SERVICIOS\\TpFinal\\tragolisto_backend\\lumen-backend\\vendor\\illuminate\\container\\BoundMethod.php(93): Illuminate\\Container\\Util::unwrapIfClosure()
#3 D:\\Usuarios\\Agustin\\Documents\\Facultad\\2025\\1er Cuatri\\COMPUTACIÓN MÓVIL BASADA SERVICIOS\\TpFinal\\tragolisto_backend\\lumen-backend\\vendor\\illuminate\\container\\BoundMethod.php(35): Illuminate\\Container\\BoundMethod::callBoundMethod()
#4 D:\\Usuarios\\Agustin\\Documents\\Facultad\\2025\\1er Cuatri\\COMPUTACIÓN MÓVIL BASADA SERVICIOS\\TpFinal\\tragolisto_backend\\lumen-backend\\vendor\\illuminate\\container\\Container.php(662): Illuminate\\Container\\BoundMethod::call()
#5 D:\\Usuarios\\Agustin\\Documents\\Facultad\\2025\\1er Cuatri\\COMPUTACIÓN MÓVIL BASADA SERVICIOS\\TpFinal\\tragolisto_backend\\lumen-backend\\vendor\\laravel\\lumen-framework\\src\\Concerns\\RoutesRequests.php(391): Illuminate\\Container\\Container->call()
#6 D:\\Usuarios\\Agustin\\Documents\\Facultad\\2025\\1er Cuatri\\COMPUTACIÓN MÓVIL BASADA SERVICIOS\\TpFinal\\tragolisto_backend\\lumen-backend\\vendor\\laravel\\lumen-framework\\src\\Concerns\\RoutesRequests.php(356): Laravel\\Lumen\\Application->callControllerCallable()
#7 D:\\Usuarios\\Agustin\\Documents\\Facultad\\2025\\1er Cuatri\\COMPUTACIÓN MÓVIL BASADA SERVICIOS\\TpFinal\\tragolisto_backend\\lumen-backend\\vendor\\laravel\\lumen-framework\\src\\Concerns\\RoutesRequests.php(331): Laravel\\Lumen\\Application->callLumenController()
#8 D:\\Usuarios\\Agustin\\Documents\\Facultad\\2025\\1er Cuatri\\COMPUTACIÓN MÓVIL BASADA SERVICIOS\\TpFinal\\tragolisto_backend\\lumen-backend\\vendor\\laravel\\lumen-framework\\src\\Concerns\\RoutesRequests.php(284): Laravel\\Lumen\\Application->callControllerAction()
#9 D:\\Usuarios\\Agustin\\Documents\\Facultad\\2025\\1er Cuatri\\COMPUTACIÓN MÓVIL BASADA SERVICIOS\\TpFinal\\tragolisto_backend\\lumen-backend\\vendor\\laravel\\lumen-framework\\src\\Concerns\\RoutesRequests.php(269): Laravel\\Lumen\\Application->callActionOnArrayBasedRoute()
#10 D:\\Usuarios\\Agustin\\Documents\\Facultad\\2025\\1er Cuatri\\COMPUTACIÓN MÓVIL BASADA SERVICIOS\\TpFinal\\tragolisto_backend\\lumen-backend\\vendor\\laravel\\lumen-framework\\src\\Concerns\\RoutesRequests.php(171): Laravel\\Lumen\\Application->handleFoundRoute()
#11 D:\\Usuarios\\Agustin\\Documents\\Facultad\\2025\\1er Cuatri\\COMPUTACIÓN MÓVIL BASADA SERVICIOS\\TpFinal\\tragolisto_backend\\lumen-backend\\vendor\\laravel\\lumen-framework\\src\\Concerns\\RoutesRequests.php(431): Laravel\\Lumen\\Application->Laravel\\Lumen\\Concerns\\{closure}()
#12 D:\\Usuarios\\Agustin\\Documents\\Facultad\\2025\\1er Cuatri\\COMPUTACIÓN MÓVIL BASADA SERVICIOS\\TpFinal\\tragolisto_backend\\lumen-backend\\vendor\\laravel\\lumen-framework\\src\\Concerns\\RoutesRequests.php(167): Laravel\\Lumen\\Application->sendThroughPipeline()
#13 D:\\Usuarios\\Agustin\\Documents\\Facultad\\2025\\1er Cuatri\\COMPUTACIÓN MÓVIL BASADA SERVICIOS\\TpFinal\\tragolisto_backend\\lumen-backend\\vendor\\laravel\\lumen-framework\\src\\Concerns\\RoutesRequests.php(112): Laravel\\Lumen\\Application->dispatch()
#14 D:\\Usuarios\\Agustin\\Documents\\Facultad\\2025\\1er Cuatri\\COMPUTACIÓN MÓVIL BASADA SERVICIOS\\TpFinal\\tragolisto_backend\\lumen-backend\\public\\index.php(7): Laravel\\Lumen\\Application->run()
#15 {main}
"} 
[2025-06-14 02:29:33] local.ERROR: Class "Kreait\Firebase\Factory" not found {"exception":"[object] (Error(code: 0): Class \"Kreait\\Firebase\\Factory\" not found at D:\\Usuarios\\Agustin\\Documents\\Facultad\\2025\\1er Cuatri\\COMPUTACIÓN MÓVIL BASADA SERVICIOS\\TpFinal\\tragolisto_backend\\lumen-backend\\app\\Http\\Controllers\\LoginGoogleController.php:21)
[stacktrace]
#0 D:\\Usuarios\\Agustin\\Documents\\Facultad\\2025\\1er Cuatri\\COMPUTACIÓN MÓVIL BASADA SERVICIOS\\TpFinal\\tragolisto_backend\\lumen-backend\\vendor\\illuminate\\container\\BoundMethod.php(36): App\\Http\\Controllers\\LoginGoogleController->login()
#1 D:\\Usuarios\\Agustin\\Documents\\Facultad\\2025\\1er Cuatri\\COMPUTACIÓN MÓVIL BASADA SERVICIOS\\TpFinal\\tragolisto_backend\\lumen-backend\\vendor\\illuminate\\container\\Util.php(41): Illuminate\\Container\\BoundMethod::Illuminate\\Container\\{closure}()
#2 D:\\Usuarios\\Agustin\\Documents\\Facultad\\2025\\1er Cuatri\\COMPUTACIÓN MÓVIL BASADA SERVICIOS\\TpFinal\\tragolisto_backend\\lumen-backend\\vendor\\illuminate\\container\\BoundMethod.php(93): Illuminate\\Container\\Util::unwrapIfClosure()
#3 D:\\Usuarios\\Agustin\\Documents\\Facultad\\2025\\1er Cuatri\\COMPUTACIÓN MÓVIL BASADA SERVICIOS\\TpFinal\\tragolisto_backend\\lumen-backend\\vendor\\illuminate\\container\\BoundMethod.php(35): Illuminate\\Container\\BoundMethod::callBoundMethod()
#4 D:\\Usuarios\\Agustin\\Documents\\Facultad\\2025\\1er Cuatri\\COMPUTACIÓN MÓVIL BASADA SERVICIOS\\TpFinal\\tragolisto_backend\\lumen-backend\\vendor\\illuminate\\container\\Container.php(662): Illuminate\\Container\\BoundMethod::call()
#5 D:\\Usuarios\\Agustin\\Documents\\Facultad\\2025\\1er Cuatri\\COMPUTACIÓN MÓVIL BASADA SERVICIOS\\TpFinal\\tragolisto_backend\\lumen-backend\\vendor\\laravel\\lumen-framework\\src\\Concerns\\RoutesRequests.php(391): Illuminate\\Container\\Container->call()
#6 D:\\Usuarios\\Agustin\\Documents\\Facultad\\2025\\1er Cuatri\\COMPUTACIÓN MÓVIL BASADA SERVICIOS\\TpFinal\\tragolisto_backend\\lumen-backend\\vendor\\laravel\\lumen-framework\\src\\Concerns\\RoutesRequests.php(356): Laravel\\Lumen\\Application->callControllerCallable()
#7 D:\\Usuarios\\Agustin\\Documents\\Facultad\\2025\\1er Cuatri\\COMPUTACIÓN MÓVIL BASADA SERVICIOS\\TpFinal\\tragolisto_backend\\lumen-backend\\vendor\\laravel\\lumen-framework\\src\\Concerns\\RoutesRequests.php(331): Laravel\\Lumen\\Application->callLumenController()
#8 D:\\Usuarios\\Agustin\\Documents\\Facultad\\2025\\1er Cuatri\\COMPUTACIÓN MÓVIL BASADA SERVICIOS\\TpFinal\\tragolisto_backend\\lumen-backend\\vendor\\laravel\\lumen-framework\\src\\Concerns\\RoutesRequests.php(284): Laravel\\Lumen\\Application->callControllerAction()
#9 D:\\Usuarios\\Agustin\\Documents\\Facultad\\2025\\1er Cuatri\\COMPUTACIÓN MÓVIL BASADA SERVICIOS\\TpFinal\\tragolisto_backend\\lumen-backend\\vendor\\laravel\\lumen-framework\\src\\Concerns\\RoutesRequests.php(269): Laravel\\Lumen\\Application->callActionOnArrayBasedRoute()
#10 D:\\Usuarios\\Agustin\\Documents\\Facultad\\2025\\1er Cuatri\\COMPUTACIÓN MÓVIL BASADA SERVICIOS\\TpFinal\\tragolisto_backend\\lumen-backend\\vendor\\laravel\\lumen-framework\\src\\Concerns\\RoutesRequests.php(171): Laravel\\Lumen\\Application->handleFoundRoute()
#11 D:\\Usuarios\\Agustin\\Documents\\Facultad\\2025\\1er Cuatri\\COMPUTACIÓN MÓVIL BASADA SERVICIOS\\TpFinal\\tragolisto_backend\\lumen-backend\\vendor\\laravel\\lumen-framework\\src\\Concerns\\RoutesRequests.php(431): Laravel\\Lumen\\Application->Laravel\\Lumen\\Concerns\\{closure}()
#12 D:\\Usuarios\\Agustin\\Documents\\Facultad\\2025\\1er Cuatri\\COMPUTACIÓN MÓVIL BASADA SERVICIOS\\TpFinal\\tragolisto_backend\\lumen-backend\\vendor\\laravel\\lumen-framework\\src\\Concerns\\RoutesRequests.php(167): Laravel\\Lumen\\Application->sendThroughPipeline()
#13 D:\\Usuarios\\Agustin\\Documents\\Facultad\\2025\\1er Cuatri\\COMPUTACIÓN MÓVIL BASADA SERVICIOS\\TpFinal\\tragolisto_backend\\lumen-backend\\vendor\\laravel\\lumen-framework\\src\\Concerns\\RoutesRequests.php(112): Laravel\\Lumen\\Application->dispatch()
#14 D:\\Usuarios\\Agustin\\Documents\\Facultad\\2025\\1er Cuatri\\COMPUTACIÓN MÓVIL BASADA SERVICIOS\\TpFinal\\tragolisto_backend\\lumen-backend\\public\\index.php(7): Laravel\\Lumen\\Application->run()
#15 {main}
"} 
[2025-06-14 02:36:39] local.ERROR: Class "Kreait\Firebase\Factory" not found {"exception":"[object] (Error(code: 0): Class \"Kreait\\Firebase\\Factory\" not found at D:\\Usuarios\\Agustin\\Documents\\Facultad\\2025\\1er Cuatri\\COMPUTACIÓN MÓVIL BASADA SERVICIOS\\TpFinal\\tragolisto_backend\\lumen-backend\\app\\Http\\Controllers\\LoginGoogleController.php:21)
[stacktrace]
#0 D:\\Usuarios\\Agustin\\Documents\\Facultad\\2025\\1er Cuatri\\COMPUTACIÓN MÓVIL BASADA SERVICIOS\\TpFinal\\tragolisto_backend\\lumen-backend\\vendor\\illuminate\\container\\BoundMethod.php(36): App\\Http\\Controllers\\LoginGoogleController->login()
#1 D:\\Usuarios\\Agustin\\Documents\\Facultad\\2025\\1er Cuatri\\COMPUTACIÓN MÓVIL BASADA SERVICIOS\\TpFinal\\tragolisto_backend\\lumen-backend\\vendor\\illuminate\\container\\Util.php(41): Illuminate\\Container\\BoundMethod::Illuminate\\Container\\{closure}()
#2 D:\\Usuarios\\Agustin\\Documents\\Facultad\\2025\\1er Cuatri\\COMPUTACIÓN MÓVIL BASADA SERVICIOS\\TpFinal\\tragolisto_backend\\lumen-backend\\vendor\\illuminate\\container\\BoundMethod.php(93): Illuminate\\Container\\Util::unwrapIfClosure()
#3 D:\\Usuarios\\Agustin\\Documents\\Facultad\\2025\\1er Cuatri\\COMPUTACIÓN MÓVIL BASADA SERVICIOS\\TpFinal\\tragolisto_backend\\lumen-backend\\vendor\\illuminate\\container\\BoundMethod.php(35): Illuminate\\Container\\BoundMethod::callBoundMethod()
#4 D:\\Usuarios\\Agustin\\Documents\\Facultad\\2025\\1er Cuatri\\COMPUTACIÓN MÓVIL BASADA SERVICIOS\\TpFinal\\tragolisto_backend\\lumen-backend\\vendor\\illuminate\\container\\Container.php(662): Illuminate\\Container\\BoundMethod::call()
#5 D:\\Usuarios\\Agustin\\Documents\\Facultad\\2025\\1er Cuatri\\COMPUTACIÓN MÓVIL BASADA SERVICIOS\\TpFinal\\tragolisto_backend\\lumen-backend\\vendor\\laravel\\lumen-framework\\src\\Concerns\\RoutesRequests.php(391): Illuminate\\Container\\Container->call()
#6 D:\\Usuarios\\Agustin\\Documents\\Facultad\\2025\\1er Cuatri\\COMPUTACIÓN MÓVIL BASADA SERVICIOS\\TpFinal\\tragolisto_backend\\lumen-backend\\vendor\\laravel\\lumen-framework\\src\\Concerns\\RoutesRequests.php(356): Laravel\\Lumen\\Application->callControllerCallable()
#7 D:\\Usuarios\\Agustin\\Documents\\Facultad\\2025\\1er Cuatri\\COMPUTACIÓN MÓVIL BASADA SERVICIOS\\TpFinal\\tragolisto_backend\\lumen-backend\\vendor\\laravel\\lumen-framework\\src\\Concerns\\RoutesRequests.php(331): Laravel\\Lumen\\Application->callLumenController()
#8 D:\\Usuarios\\Agustin\\Documents\\Facultad\\2025\\1er Cuatri\\COMPUTACIÓN MÓVIL BASADA SERVICIOS\\TpFinal\\tragolisto_backend\\lumen-backend\\vendor\\laravel\\lumen-framework\\src\\Concerns\\RoutesRequests.php(284): Laravel\\Lumen\\Application->callControllerAction()
#9 D:\\Usuarios\\Agustin\\Documents\\Facultad\\2025\\1er Cuatri\\COMPUTACIÓN MÓVIL BASADA SERVICIOS\\TpFinal\\tragolisto_backend\\lumen-backend\\vendor\\laravel\\lumen-framework\\src\\Concerns\\RoutesRequests.php(269): Laravel\\Lumen\\Application->callActionOnArrayBasedRoute()
#10 D:\\Usuarios\\Agustin\\Documents\\Facultad\\2025\\1er Cuatri\\COMPUTACIÓN MÓVIL BASADA SERVICIOS\\TpFinal\\tragolisto_backend\\lumen-backend\\vendor\\laravel\\lumen-framework\\src\\Concerns\\RoutesRequests.php(171): Laravel\\Lumen\\Application->handleFoundRoute()
#11 D:\\Usuarios\\Agustin\\Documents\\Facultad\\2025\\1er Cuatri\\COMPUTACIÓN MÓVIL BASADA SERVICIOS\\TpFinal\\tragolisto_backend\\lumen-backend\\vendor\\laravel\\lumen-framework\\src\\Concerns\\RoutesRequests.php(431): Laravel\\Lumen\\Application->Laravel\\Lumen\\Concerns\\{closure}()
#12 D:\\Usuarios\\Agustin\\Documents\\Facultad\\2025\\1er Cuatri\\COMPUTACIÓN MÓVIL BASADA SERVICIOS\\TpFinal\\tragolisto_backend\\lumen-backend\\vendor\\laravel\\lumen-framework\\src\\Concerns\\RoutesRequests.php(167): Laravel\\Lumen\\Application->sendThroughPipeline()
#13 D:\\Usuarios\\Agustin\\Documents\\Facultad\\2025\\1er Cuatri\\COMPUTACIÓN MÓVIL BASADA SERVICIOS\\TpFinal\\tragolisto_backend\\lumen-backend\\vendor\\laravel\\lumen-framework\\src\\Concerns\\RoutesRequests.php(112): Laravel\\Lumen\\Application->dispatch()
#14 D:\\Usuarios\\Agustin\\Documents\\Facultad\\2025\\1er Cuatri\\COMPUTACIÓN MÓVIL BASADA SERVICIOS\\TpFinal\\tragolisto_backend\\lumen-backend\\public\\index.php(7): Laravel\\Lumen\\Application->run()
#15 {main}
"} 
[2025-06-14 02:39:12] local.ERROR: Class "Kreait\Firebase\Factory" not found {"exception":"[object] (Error(code: 0): Class \"Kreait\\Firebase\\Factory\" not found at D:\\Usuarios\\Agustin\\Documents\\Facultad\\2025\\1er Cuatri\\COMPUTACIÓN MÓVIL BASADA SERVICIOS\\TpFinal\\tragolisto_backend\\lumen-backend\\app\\Http\\Controllers\\LoginGoogleController.php:21)
[stacktrace]
#0 D:\\Usuarios\\Agustin\\Documents\\Facultad\\2025\\1er Cuatri\\COMPUTACIÓN MÓVIL BASADA SERVICIOS\\TpFinal\\tragolisto_backend\\lumen-backend\\vendor\\illuminate\\container\\BoundMethod.php(36): App\\Http\\Controllers\\LoginGoogleController->login()
#1 D:\\Usuarios\\Agustin\\Documents\\Facultad\\2025\\1er Cuatri\\COMPUTACIÓN MÓVIL BASADA SERVICIOS\\TpFinal\\tragolisto_backend\\lumen-backend\\vendor\\illuminate\\container\\Util.php(41): Illuminate\\Container\\BoundMethod::Illuminate\\Container\\{closure}()
#2 D:\\Usuarios\\Agustin\\Documents\\Facultad\\2025\\1er Cuatri\\COMPUTACIÓN MÓVIL BASADA SERVICIOS\\TpFinal\\tragolisto_backend\\lumen-backend\\vendor\\illuminate\\container\\BoundMethod.php(93): Illuminate\\Container\\Util::unwrapIfClosure()
#3 D:\\Usuarios\\Agustin\\Documents\\Facultad\\2025\\1er Cuatri\\COMPUTACIÓN MÓVIL BASADA SERVICIOS\\TpFinal\\tragolisto_backend\\lumen-backend\\vendor\\illuminate\\container\\BoundMethod.php(35): Illuminate\\Container\\BoundMethod::callBoundMethod()
#4 D:\\Usuarios\\Agustin\\Documents\\Facultad\\2025\\1er Cuatri\\COMPUTACIÓN MÓVIL BASADA SERVICIOS\\TpFinal\\tragolisto_backend\\lumen-backend\\vendor\\illuminate\\container\\Container.php(662): Illuminate\\Container\\BoundMethod::call()
#5 D:\\Usuarios\\Agustin\\Documents\\Facultad\\2025\\1er Cuatri\\COMPUTACIÓN MÓVIL BASADA SERVICIOS\\TpFinal\\tragolisto_backend\\lumen-backend\\vendor\\laravel\\lumen-framework\\src\\Concerns\\RoutesRequests.php(391): Illuminate\\Container\\Container->call()
#6 D:\\Usuarios\\Agustin\\Documents\\Facultad\\2025\\1er Cuatri\\COMPUTACIÓN MÓVIL BASADA SERVICIOS\\TpFinal\\tragolisto_backend\\lumen-backend\\vendor\\laravel\\lumen-framework\\src\\Concerns\\RoutesRequests.php(356): Laravel\\Lumen\\Application->callControllerCallable()
#7 D:\\Usuarios\\Agustin\\Documents\\Facultad\\2025\\1er Cuatri\\COMPUTACIÓN MÓVIL BASADA SERVICIOS\\TpFinal\\tragolisto_backend\\lumen-backend\\vendor\\laravel\\lumen-framework\\src\\Concerns\\RoutesRequests.php(331): Laravel\\Lumen\\Application->callLumenController()
#8 D:\\Usuarios\\Agustin\\Documents\\Facultad\\2025\\1er Cuatri\\COMPUTACIÓN MÓVIL BASADA SERVICIOS\\TpFinal\\tragolisto_backend\\lumen-backend\\vendor\\laravel\\lumen-framework\\src\\Concerns\\RoutesRequests.php(284): Laravel\\Lumen\\Application->callControllerAction()
#9 D:\\Usuarios\\Agustin\\Documents\\Facultad\\2025\\1er Cuatri\\COMPUTACIÓN MÓVIL BASADA SERVICIOS\\TpFinal\\tragolisto_backend\\lumen-backend\\vendor\\laravel\\lumen-framework\\src\\Concerns\\RoutesRequests.php(269): Laravel\\Lumen\\Application->callActionOnArrayBasedRoute()
#10 D:\\Usuarios\\Agustin\\Documents\\Facultad\\2025\\1er Cuatri\\COMPUTACIÓN MÓVIL BASADA SERVICIOS\\TpFinal\\tragolisto_backend\\lumen-backend\\vendor\\laravel\\lumen-framework\\src\\Concerns\\RoutesRequests.php(171): Laravel\\Lumen\\Application->handleFoundRoute()
#11 D:\\Usuarios\\Agustin\\Documents\\Facultad\\2025\\1er Cuatri\\COMPUTACIÓN MÓVIL BASADA SERVICIOS\\TpFinal\\tragolisto_backend\\lumen-backend\\vendor\\laravel\\lumen-framework\\src\\Concerns\\RoutesRequests.php(431): Laravel\\Lumen\\Application->Laravel\\Lumen\\Concerns\\{closure}()
#12 D:\\Usuarios\\Agustin\\Documents\\Facultad\\2025\\1er Cuatri\\COMPUTACIÓN MÓVIL BASADA SERVICIOS\\TpFinal\\tragolisto_backend\\lumen-backend\\vendor\\laravel\\lumen-framework\\src\\Concerns\\RoutesRequests.php(167): Laravel\\Lumen\\Application->sendThroughPipeline()
#13 D:\\Usuarios\\Agustin\\Documents\\Facultad\\2025\\1er Cuatri\\COMPUTACIÓN MÓVIL BASADA SERVICIOS\\TpFinal\\tragolisto_backend\\lumen-backend\\vendor\\laravel\\lumen-framework\\src\\Concerns\\RoutesRequests.php(112): Laravel\\Lumen\\Application->dispatch()
#14 D:\\Usuarios\\Agustin\\Documents\\Facultad\\2025\\1er Cuatri\\COMPUTACIÓN MÓVIL BASADA SERVICIOS\\TpFinal\\tragolisto_backend\\lumen-backend\\public\\index.php(7): Laravel\\Lumen\\Application->run()
#15 {main}
"} 
[2025-06-14 02:42:25] local.ERROR: Class "Kreait\Firebase\Factory" not found {"exception":"[object] (Error(code: 0): Class \"Kreait\\Firebase\\Factory\" not found at D:\\Usuarios\\Agustin\\Documents\\Facultad\\2025\\1er Cuatri\\COMPUTACIÓN MÓVIL BASADA SERVICIOS\\TpFinal\\tragolisto_backend\\lumen-backend\\app\\Http\\Controllers\\LoginGoogleController.php:21)
[stacktrace]
#0 D:\\Usuarios\\Agustin\\Documents\\Facultad\\2025\\1er Cuatri\\COMPUTACIÓN MÓVIL BASADA SERVICIOS\\TpFinal\\tragolisto_backend\\lumen-backend\\vendor\\illuminate\\container\\BoundMethod.php(36): App\\Http\\Controllers\\LoginGoogleController->login()
#1 D:\\Usuarios\\Agustin\\Documents\\Facultad\\2025\\1er Cuatri\\COMPUTACIÓN MÓVIL BASADA SERVICIOS\\TpFinal\\tragolisto_backend\\lumen-backend\\vendor\\illuminate\\container\\Util.php(41): Illuminate\\Container\\BoundMethod::Illuminate\\Container\\{closure}()
#2 D:\\Usuarios\\Agustin\\Documents\\Facultad\\2025\\1er Cuatri\\COMPUTACIÓN MÓVIL BASADA SERVICIOS\\TpFinal\\tragolisto_backend\\lumen-backend\\vendor\\illuminate\\container\\BoundMethod.php(93): Illuminate\\Container\\Util::unwrapIfClosure()
#3 D:\\Usuarios\\Agustin\\Documents\\Facultad\\2025\\1er Cuatri\\COMPUTACIÓN MÓVIL BASADA SERVICIOS\\TpFinal\\tragolisto_backend\\lumen-backend\\vendor\\illuminate\\container\\BoundMethod.php(35): Illuminate\\Container\\BoundMethod::callBoundMethod()
#4 D:\\Usuarios\\Agustin\\Documents\\Facultad\\2025\\1er Cuatri\\COMPUTACIÓN MÓVIL BASADA SERVICIOS\\TpFinal\\tragolisto_backend\\lumen-backend\\vendor\\illuminate\\container\\Container.php(662): Illuminate\\Container\\BoundMethod::call()
#5 D:\\Usuarios\\Agustin\\Documents\\Facultad\\2025\\1er Cuatri\\COMPUTACIÓN MÓVIL BASADA SERVICIOS\\TpFinal\\tragolisto_backend\\lumen-backend\\vendor\\laravel\\lumen-framework\\src\\Concerns\\RoutesRequests.php(391): Illuminate\\Container\\Container->call()
#6 D:\\Usuarios\\Agustin\\Documents\\Facultad\\2025\\1er Cuatri\\COMPUTACIÓN MÓVIL BASADA SERVICIOS\\TpFinal\\tragolisto_backend\\lumen-backend\\vendor\\laravel\\lumen-framework\\src\\Concerns\\RoutesRequests.php(356): Laravel\\Lumen\\Application->callControllerCallable()
#7 D:\\Usuarios\\Agustin\\Documents\\Facultad\\2025\\1er Cuatri\\COMPUTACIÓN MÓVIL BASADA SERVICIOS\\TpFinal\\tragolisto_backend\\lumen-backend\\vendor\\laravel\\lumen-framework\\src\\Concerns\\RoutesRequests.php(331): Laravel\\Lumen\\Application->callLumenController()
#8 D:\\Usuarios\\Agustin\\Documents\\Facultad\\2025\\1er Cuatri\\COMPUTACIÓN MÓVIL BASADA SERVICIOS\\TpFinal\\tragolisto_backend\\lumen-backend\\vendor\\laravel\\lumen-framework\\src\\Concerns\\RoutesRequests.php(284): Laravel\\Lumen\\Application->callControllerAction()
#9 D:\\Usuarios\\Agustin\\Documents\\Facultad\\2025\\1er Cuatri\\COMPUTACIÓN MÓVIL BASADA SERVICIOS\\TpFinal\\tragolisto_backend\\lumen-backend\\vendor\\laravel\\lumen-framework\\src\\Concerns\\RoutesRequests.php(269): Laravel\\Lumen\\Application->callActionOnArrayBasedRoute()
#10 D:\\Usuarios\\Agustin\\Documents\\Facultad\\2025\\1er Cuatri\\COMPUTACIÓN MÓVIL BASADA SERVICIOS\\TpFinal\\tragolisto_backend\\lumen-backend\\vendor\\laravel\\lumen-framework\\src\\Concerns\\RoutesRequests.php(171): Laravel\\Lumen\\Application->handleFoundRoute()
#11 D:\\Usuarios\\Agustin\\Documents\\Facultad\\2025\\1er Cuatri\\COMPUTACIÓN MÓVIL BASADA SERVICIOS\\TpFinal\\tragolisto_backend\\lumen-backend\\vendor\\laravel\\lumen-framework\\src\\Concerns\\RoutesRequests.php(431): Laravel\\Lumen\\Application->Laravel\\Lumen\\Concerns\\{closure}()
#12 D:\\Usuarios\\Agustin\\Documents\\Facultad\\2025\\1er Cuatri\\COMPUTACIÓN MÓVIL BASADA SERVICIOS\\TpFinal\\tragolisto_backend\\lumen-backend\\vendor\\laravel\\lumen-framework\\src\\Concerns\\RoutesRequests.php(167): Laravel\\Lumen\\Application->sendThroughPipeline()
#13 D:\\Usuarios\\Agustin\\Documents\\Facultad\\2025\\1er Cuatri\\COMPUTACIÓN MÓVIL BASADA SERVICIOS\\TpFinal\\tragolisto_backend\\lumen-backend\\vendor\\laravel\\lumen-framework\\src\\Concerns\\RoutesRequests.php(112): Laravel\\Lumen\\Application->dispatch()
#14 D:\\Usuarios\\Agustin\\Documents\\Facultad\\2025\\1er Cuatri\\COMPUTACIÓN MÓVIL BASADA SERVICIOS\\TpFinal\\tragolisto_backend\\lumen-backend\\public\\index.php(7): Laravel\\Lumen\\Application->run()
#15 {main}
"} 
[2025-06-14 02:42:40] local.ERROR: Class "Kreait\Firebase\Factory" not found {"exception":"[object] (Error(code: 0): Class \"Kreait\\Firebase\\Factory\" not found at D:\\Usuarios\\Agustin\\Documents\\Facultad\\2025\\1er Cuatri\\COMPUTACIÓN MÓVIL BASADA SERVICIOS\\TpFinal\\tragolisto_backend\\lumen-backend\\app\\Http\\Controllers\\LoginGoogleController.php:21)
[stacktrace]
#0 D:\\Usuarios\\Agustin\\Documents\\Facultad\\2025\\1er Cuatri\\COMPUTACIÓN MÓVIL BASADA SERVICIOS\\TpFinal\\tragolisto_backend\\lumen-backend\\vendor\\illuminate\\container\\BoundMethod.php(36): App\\Http\\Controllers\\LoginGoogleController->login()
#1 D:\\Usuarios\\Agustin\\Documents\\Facultad\\2025\\1er Cuatri\\COMPUTACIÓN MÓVIL BASADA SERVICIOS\\TpFinal\\tragolisto_backend\\lumen-backend\\vendor\\illuminate\\container\\Util.php(41): Illuminate\\Container\\BoundMethod::Illuminate\\Container\\{closure}()
#2 D:\\Usuarios\\Agustin\\Documents\\Facultad\\2025\\1er Cuatri\\COMPUTACIÓN MÓVIL BASADA SERVICIOS\\TpFinal\\tragolisto_backend\\lumen-backend\\vendor\\illuminate\\container\\BoundMethod.php(93): Illuminate\\Container\\Util::unwrapIfClosure()
#3 D:\\Usuarios\\Agustin\\Documents\\Facultad\\2025\\1er Cuatri\\COMPUTACIÓN MÓVIL BASADA SERVICIOS\\TpFinal\\tragolisto_backend\\lumen-backend\\vendor\\illuminate\\container\\BoundMethod.php(35): Illuminate\\Container\\BoundMethod::callBoundMethod()
#4 D:\\Usuarios\\Agustin\\Documents\\Facultad\\2025\\1er Cuatri\\COMPUTACIÓN MÓVIL BASADA SERVICIOS\\TpFinal\\tragolisto_backend\\lumen-backend\\vendor\\illuminate\\container\\Container.php(662): Illuminate\\Container\\BoundMethod::call()
#5 D:\\Usuarios\\Agustin\\Documents\\Facultad\\2025\\1er Cuatri\\COMPUTACIÓN MÓVIL BASADA SERVICIOS\\TpFinal\\tragolisto_backend\\lumen-backend\\vendor\\laravel\\lumen-framework\\src\\Concerns\\RoutesRequests.php(391): Illuminate\\Container\\Container->call()
#6 D:\\Usuarios\\Agustin\\Documents\\Facultad\\2025\\1er Cuatri\\COMPUTACIÓN MÓVIL BASADA SERVICIOS\\TpFinal\\tragolisto_backend\\lumen-backend\\vendor\\laravel\\lumen-framework\\src\\Concerns\\RoutesRequests.php(356): Laravel\\Lumen\\Application->callControllerCallable()
#7 D:\\Usuarios\\Agustin\\Documents\\Facultad\\2025\\1er Cuatri\\COMPUTACIÓN MÓVIL BASADA SERVICIOS\\TpFinal\\tragolisto_backend\\lumen-backend\\vendor\\laravel\\lumen-framework\\src\\Concerns\\RoutesRequests.php(331): Laravel\\Lumen\\Application->callLumenController()
#8 D:\\Usuarios\\Agustin\\Documents\\Facultad\\2025\\1er Cuatri\\COMPUTACIÓN MÓVIL BASADA SERVICIOS\\TpFinal\\tragolisto_backend\\lumen-backend\\vendor\\laravel\\lumen-framework\\src\\Concerns\\RoutesRequests.php(284): Laravel\\Lumen\\Application->callControllerAction()
#9 D:\\Usuarios\\Agustin\\Documents\\Facultad\\2025\\1er Cuatri\\COMPUTACIÓN MÓVIL BASADA SERVICIOS\\TpFinal\\tragolisto_backend\\lumen-backend\\vendor\\laravel\\lumen-framework\\src\\Concerns\\RoutesRequests.php(269): Laravel\\Lumen\\Application->callActionOnArrayBasedRoute()
#10 D:\\Usuarios\\Agustin\\Documents\\Facultad\\2025\\1er Cuatri\\COMPUTACIÓN MÓVIL BASADA SERVICIOS\\TpFinal\\tragolisto_backend\\lumen-backend\\vendor\\laravel\\lumen-framework\\src\\Concerns\\RoutesRequests.php(171): Laravel\\Lumen\\Application->handleFoundRoute()
#11 D:\\Usuarios\\Agustin\\Documents\\Facultad\\2025\\1er Cuatri\\COMPUTACIÓN MÓVIL BASADA SERVICIOS\\TpFinal\\tragolisto_backend\\lumen-backend\\vendor\\laravel\\lumen-framework\\src\\Concerns\\RoutesRequests.php(431): Laravel\\Lumen\\Application->Laravel\\Lumen\\Concerns\\{closure}()
#12 D:\\Usuarios\\Agustin\\Documents\\Facultad\\2025\\1er Cuatri\\COMPUTACIÓN MÓVIL BASADA SERVICIOS\\TpFinal\\tragolisto_backend\\lumen-backend\\vendor\\laravel\\lumen-framework\\src\\Concerns\\RoutesRequests.php(167): Laravel\\Lumen\\Application->sendThroughPipeline()
#13 D:\\Usuarios\\Agustin\\Documents\\Facultad\\2025\\1er Cuatri\\COMPUTACIÓN MÓVIL BASADA SERVICIOS\\TpFinal\\tragolisto_backend\\lumen-backend\\vendor\\laravel\\lumen-framework\\src\\Concerns\\RoutesRequests.php(112): Laravel\\Lumen\\Application->dispatch()
#14 D:\\Usuarios\\Agustin\\Documents\\Facultad\\2025\\1er Cuatri\\COMPUTACIÓN MÓVIL BASADA SERVICIOS\\TpFinal\\tragolisto_backend\\lumen-backend\\public\\index.php(7): Laravel\\Lumen\\Application->run()
#15 {main}
"} 
[2025-06-14 02:51:24] local.ERROR: Target class [App\Http\Controllers\LoginGoogleController] does not exist. {"exception":"[object] (Illuminate\\Contracts\\Container\\BindingResolutionException(code: 0): Target class [App\\Http\\Controllers\\LoginGoogleController] does not exist. at D:\\Usuarios\\Agustin\\Documents\\Facultad\\2025\\1er Cuatri\\COMPUTACIÓN MÓVIL BASADA SERVICIOS\\TpFinal\\tragolisto_backend\\lumen-backend\\vendor\\illuminate\\container\\Container.php:914)
[stacktrace]
#0 D:\\Usuarios\\Agustin\\Documents\\Facultad\\2025\\1er Cuatri\\COMPUTACIÓN MÓVIL BASADA SERVICIOS\\TpFinal\\tragolisto_backend\\lumen-backend\\vendor\\illuminate\\container\\Container.php(795): Illuminate\\Container\\Container->build()
#1 D:\\Usuarios\\Agustin\\Documents\\Facultad\\2025\\1er Cuatri\\COMPUTACIÓN MÓVIL BASADA SERVICIOS\\TpFinal\\tragolisto_backend\\lumen-backend\\vendor\\illuminate\\container\\Container.php(731): Illuminate\\Container\\Container->resolve()
#2 D:\\Usuarios\\Agustin\\Documents\\Facultad\\2025\\1er Cuatri\\COMPUTACIÓN MÓVIL BASADA SERVICIOS\\TpFinal\\tragolisto_backend\\lumen-backend\\vendor\\laravel\\lumen-framework\\src\\Application.php(327): Illuminate\\Container\\Container->make()
#3 D:\\Usuarios\\Agustin\\Documents\\Facultad\\2025\\1er Cuatri\\COMPUTACIÓN MÓVIL BASADA SERVICIOS\\TpFinal\\tragolisto_backend\\lumen-backend\\vendor\\laravel\\lumen-framework\\src\\Concerns\\RoutesRequests.php(326): Laravel\\Lumen\\Application->make()
#4 D:\\Usuarios\\Agustin\\Documents\\Facultad\\2025\\1er Cuatri\\COMPUTACIÓN MÓVIL BASADA SERVICIOS\\TpFinal\\tragolisto_backend\\lumen-backend\\vendor\\laravel\\lumen-framework\\src\\Concerns\\RoutesRequests.php(284): Laravel\\Lumen\\Application->callControllerAction()
#5 D:\\Usuarios\\Agustin\\Documents\\Facultad\\2025\\1er Cuatri\\COMPUTACIÓN MÓVIL BASADA SERVICIOS\\TpFinal\\tragolisto_backend\\lumen-backend\\vendor\\laravel\\lumen-framework\\src\\Concerns\\RoutesRequests.php(269): Laravel\\Lumen\\Application->callActionOnArrayBasedRoute()
#6 D:\\Usuarios\\Agustin\\Documents\\Facultad\\2025\\1er Cuatri\\COMPUTACIÓN MÓVIL BASADA SERVICIOS\\TpFinal\\tragolisto_backend\\lumen-backend\\vendor\\laravel\\lumen-framework\\src\\Concerns\\RoutesRequests.php(171): Laravel\\Lumen\\Application->handleFoundRoute()
#7 D:\\Usuarios\\Agustin\\Documents\\Facultad\\2025\\1er Cuatri\\COMPUTACIÓN MÓVIL BASADA SERVICIOS\\TpFinal\\tragolisto_backend\\lumen-backend\\vendor\\laravel\\lumen-framework\\src\\Concerns\\RoutesRequests.php(431): Laravel\\Lumen\\Application->Laravel\\Lumen\\Concerns\\{closure}()
#8 D:\\Usuarios\\Agustin\\Documents\\Facultad\\2025\\1er Cuatri\\COMPUTACIÓN MÓVIL BASADA SERVICIOS\\TpFinal\\tragolisto_backend\\lumen-backend\\vendor\\laravel\\lumen-framework\\src\\Concerns\\RoutesRequests.php(167): Laravel\\Lumen\\Application->sendThroughPipeline()
#9 D:\\Usuarios\\Agustin\\Documents\\Facultad\\2025\\1er Cuatri\\COMPUTACIÓN MÓVIL BASADA SERVICIOS\\TpFinal\\tragolisto_backend\\lumen-backend\\vendor\\laravel\\lumen-framework\\src\\Concerns\\RoutesRequests.php(112): Laravel\\Lumen\\Application->dispatch()
#10 D:\\Usuarios\\Agustin\\Documents\\Facultad\\2025\\1er Cuatri\\COMPUTACIÓN MÓVIL BASADA SERVICIOS\\TpFinal\\tragolisto_backend\\lumen-backend\\public\\index.php(7): Laravel\\Lumen\\Application->run()
#11 {main}

[previous exception] [object] (ReflectionException(code: -1): Class \"App\\Http\\Controllers\\LoginGoogleController\" does not exist at D:\\Usuarios\\Agustin\\Documents\\Facultad\\2025\\1er Cuatri\\COMPUTACIÓN MÓVIL BASADA SERVICIOS\\TpFinal\\tragolisto_backend\\lumen-backend\\vendor\\illuminate\\container\\Container.php:912)
[stacktrace]
#0 D:\\Usuarios\\Agustin\\Documents\\Facultad\\2025\\1er Cuatri\\COMPUTACIÓN MÓVIL BASADA SERVICIOS\\TpFinal\\tragolisto_backend\\lumen-backend\\vendor\\illuminate\\container\\Container.php(912): ReflectionClass->__construct()
#1 D:\\Usuarios\\Agustin\\Documents\\Facultad\\2025\\1er Cuatri\\COMPUTACIÓN MÓVIL BASADA SERVICIOS\\TpFinal\\tragolisto_backend\\lumen-backend\\vendor\\illuminate\\container\\Container.php(795): Illuminate\\Container\\Container->build()
#2 D:\\Usuarios\\Agustin\\Documents\\Facultad\\2025\\1er Cuatri\\COMPUTACIÓN MÓVIL BASADA SERVICIOS\\TpFinal\\tragolisto_backend\\lumen-backend\\vendor\\illuminate\\container\\Container.php(731): Illuminate\\Container\\Container->resolve()
#3 D:\\Usuarios\\Agustin\\Documents\\Facultad\\2025\\1er Cuatri\\COMPUTACIÓN MÓVIL BASADA SERVICIOS\\TpFinal\\tragolisto_backend\\lumen-backend\\vendor\\laravel\\lumen-framework\\src\\Application.php(327): Illuminate\\Container\\Container->make()
#4 D:\\Usuarios\\Agustin\\Documents\\Facultad\\2025\\1er Cuatri\\COMPUTACIÓN MÓVIL BASADA SERVICIOS\\TpFinal\\tragolisto_backend\\lumen-backend\\vendor\\laravel\\lumen-framework\\src\\Concerns\\RoutesRequests.php(326): Laravel\\Lumen\\Application->make()
#5 D:\\Usuarios\\Agustin\\Documents\\Facultad\\2025\\1er Cuatri\\COMPUTACIÓN MÓVIL BASADA SERVICIOS\\TpFinal\\tragolisto_backend\\lumen-backend\\vendor\\laravel\\lumen-framework\\src\\Concerns\\RoutesRequests.php(284): Laravel\\Lumen\\Application->callControllerAction()
#6 D:\\Usuarios\\Agustin\\Documents\\Facultad\\2025\\1er Cuatri\\COMPUTACIÓN MÓVIL BASADA SERVICIOS\\TpFinal\\tragolisto_backend\\lumen-backend\\vendor\\laravel\\lumen-framework\\src\\Concerns\\RoutesRequests.php(269): Laravel\\Lumen\\Application->callActionOnArrayBasedRoute()
#7 D:\\Usuarios\\Agustin\\Documents\\Facultad\\2025\\1er Cuatri\\COMPUTACIÓN MÓVIL BASADA SERVICIOS\\TpFinal\\tragolisto_backend\\lumen-backend\\vendor\\laravel\\lumen-framework\\src\\Concerns\\RoutesRequests.php(171): Laravel\\Lumen\\Application->handleFoundRoute()
#8 D:\\Usuarios\\Agustin\\Documents\\Facultad\\2025\\1er Cuatri\\COMPUTACIÓN MÓVIL BASADA SERVICIOS\\TpFinal\\tragolisto_backend\\lumen-backend\\vendor\\laravel\\lumen-framework\\src\\Concerns\\RoutesRequests.php(431): Laravel\\Lumen\\Application->Laravel\\Lumen\\Concerns\\{closure}()
#9 D:\\Usuarios\\Agustin\\Documents\\Facultad\\2025\\1er Cuatri\\COMPUTACIÓN MÓVIL BASADA SERVICIOS\\TpFinal\\tragolisto_backend\\lumen-backend\\vendor\\laravel\\lumen-framework\\src\\Concerns\\RoutesRequests.php(167): Laravel\\Lumen\\Application->sendThroughPipeline()
#10 D:\\Usuarios\\Agustin\\Documents\\Facultad\\2025\\1er Cuatri\\COMPUTACIÓN MÓVIL BASADA SERVICIOS\\TpFinal\\tragolisto_backend\\lumen-backend\\vendor\\laravel\\lumen-framework\\src\\Concerns\\RoutesRequests.php(112): Laravel\\Lumen\\Application->dispatch()
#11 D:\\Usuarios\\Agustin\\Documents\\Facultad\\2025\\1er Cuatri\\COMPUTACIÓN MÓVIL BASADA SERVICIOS\\TpFinal\\tragolisto_backend\\lumen-backend\\public\\index.php(7): Laravel\\Lumen\\Application->run()
#12 {main}
"} 
[2025-06-14 02:52:30] local.ERROR: Method Laravel\Lumen\Http\Request::validate does not exist. {"exception":"[object] (BadMethodCallException(code: 0): Method Laravel\\Lumen\\Http\\Request::validate does not exist. at D:\\Usuarios\\Agustin\\Documents\\Facultad\\2025\\1er Cuatri\\COMPUTACIÓN MÓVIL BASADA SERVICIOS\\TpFinal\\tragolisto_backend\\lumen-backend\\vendor\\illuminate\\macroable\\Traits\\Macroable.php:112)
[stacktrace]
#0 D:\\Usuarios\\Agustin\\Documents\\Facultad\\2025\\1er Cuatri\\COMPUTACIÓN MÓVIL BASADA SERVICIOS\\TpFinal\\tragolisto_backend\\lumen-backend\\app\\Http\\Controllers\\LoginGoogleController.php(13): Illuminate\\Http\\Request->__call()
#1 D:\\Usuarios\\Agustin\\Documents\\Facultad\\2025\\1er Cuatri\\COMPUTACIÓN MÓVIL BASADA SERVICIOS\\TpFinal\\tragolisto_backend\\lumen-backend\\vendor\\illuminate\\container\\BoundMethod.php(36): App\\Http\\Controllers\\LoginGoogleController->login()
#2 D:\\Usuarios\\Agustin\\Documents\\Facultad\\2025\\1er Cuatri\\COMPUTACIÓN MÓVIL BASADA SERVICIOS\\TpFinal\\tragolisto_backend\\lumen-backend\\vendor\\illuminate\\container\\Util.php(41): Illuminate\\Container\\BoundMethod::Illuminate\\Container\\{closure}()
#3 D:\\Usuarios\\Agustin\\Documents\\Facultad\\2025\\1er Cuatri\\COMPUTACIÓN MÓVIL BASADA SERVICIOS\\TpFinal\\tragolisto_backend\\lumen-backend\\vendor\\illuminate\\container\\BoundMethod.php(93): Illuminate\\Container\\Util::unwrapIfClosure()
#4 D:\\Usuarios\\Agustin\\Documents\\Facultad\\2025\\1er Cuatri\\COMPUTACIÓN MÓVIL BASADA SERVICIOS\\TpFinal\\tragolisto_backend\\lumen-backend\\vendor\\illuminate\\container\\BoundMethod.php(35): Illuminate\\Container\\BoundMethod::callBoundMethod()
#5 D:\\Usuarios\\Agustin\\Documents\\Facultad\\2025\\1er Cuatri\\COMPUTACIÓN MÓVIL BASADA SERVICIOS\\TpFinal\\tragolisto_backend\\lumen-backend\\vendor\\illuminate\\container\\Container.php(662): Illuminate\\Container\\BoundMethod::call()
#6 D:\\Usuarios\\Agustin\\Documents\\Facultad\\2025\\1er Cuatri\\COMPUTACIÓN MÓVIL BASADA SERVICIOS\\TpFinal\\tragolisto_backend\\lumen-backend\\vendor\\laravel\\lumen-framework\\src\\Concerns\\RoutesRequests.php(391): Illuminate\\Container\\Container->call()
#7 D:\\Usuarios\\Agustin\\Documents\\Facultad\\2025\\1er Cuatri\\COMPUTACIÓN MÓVIL BASADA SERVICIOS\\TpFinal\\tragolisto_backend\\lumen-backend\\vendor\\laravel\\lumen-framework\\src\\Concerns\\RoutesRequests.php(356): Laravel\\Lumen\\Application->callControllerCallable()
#8 D:\\Usuarios\\Agustin\\Documents\\Facultad\\2025\\1er Cuatri\\COMPUTACIÓN MÓVIL BASADA SERVICIOS\\TpFinal\\tragolisto_backend\\lumen-backend\\vendor\\laravel\\lumen-framework\\src\\Concerns\\RoutesRequests.php(331): Laravel\\Lumen\\Application->callLumenController()
#9 D:\\Usuarios\\Agustin\\Documents\\Facultad\\2025\\1er Cuatri\\COMPUTACIÓN MÓVIL BASADA SERVICIOS\\TpFinal\\tragolisto_backend\\lumen-backend\\vendor\\laravel\\lumen-framework\\src\\Concerns\\RoutesRequests.php(284): Laravel\\Lumen\\Application->callControllerAction()
#10 D:\\Usuarios\\Agustin\\Documents\\Facultad\\2025\\1er Cuatri\\COMPUTACIÓN MÓVIL BASADA SERVICIOS\\TpFinal\\tragolisto_backend\\lumen-backend\\vendor\\laravel\\lumen-framework\\src\\Concerns\\RoutesRequests.php(269): Laravel\\Lumen\\Application->callActionOnArrayBasedRoute()
#11 D:\\Usuarios\\Agustin\\Documents\\Facultad\\2025\\1er Cuatri\\COMPUTACIÓN MÓVIL BASADA SERVICIOS\\TpFinal\\tragolisto_backend\\lumen-backend\\vendor\\laravel\\lumen-framework\\src\\Concerns\\RoutesRequests.php(171): Laravel\\Lumen\\Application->handleFoundRoute()
#12 D:\\Usuarios\\Agustin\\Documents\\Facultad\\2025\\1er Cuatri\\COMPUTACIÓN MÓVIL BASADA SERVICIOS\\TpFinal\\tragolisto_backend\\lumen-backend\\vendor\\laravel\\lumen-framework\\src\\Concerns\\RoutesRequests.php(431): Laravel\\Lumen\\Application->Laravel\\Lumen\\Concerns\\{closure}()
#13 D:\\Usuarios\\Agustin\\Documents\\Facultad\\2025\\1er Cuatri\\COMPUTACIÓN MÓVIL BASADA SERVICIOS\\TpFinal\\tragolisto_backend\\lumen-backend\\vendor\\laravel\\lumen-framework\\src\\Concerns\\RoutesRequests.php(167): Laravel\\Lumen\\Application->sendThroughPipeline()
#14 D:\\Usuarios\\Agustin\\Documents\\Facultad\\2025\\1er Cuatri\\COMPUTACIÓN MÓVIL BASADA SERVICIOS\\TpFinal\\tragolisto_backend\\lumen-backend\\vendor\\laravel\\lumen-framework\\src\\Concerns\\RoutesRequests.php(112): Laravel\\Lumen\\Application->dispatch()
#15 D:\\Usuarios\\Agustin\\Documents\\Facultad\\2025\\1er Cuatri\\COMPUTACIÓN MÓVIL BASADA SERVICIOS\\TpFinal\\tragolisto_backend\\lumen-backend\\public\\index.php(7): Laravel\\Lumen\\Application->run()
#16 {main}
"} 
[2025-06-14 02:56:27] local.ERROR: Call to undefined function App\Http\Controllers\now() {"exception":"[object] (Error(code: 0): Call to undefined function App\\Http\\Controllers\\now() at D:\\Usuarios\\Agustin\\Documents\\Facultad\\2025\\1er Cuatri\\COMPUTACIÓN MÓVIL BASADA SERVICIOS\\TpFinal\\tragolisto_backend\\lumen-backend\\app\\Http\\Controllers\\LoginGoogleController.php:46)
[stacktrace]
#0 D:\\Usuarios\\Agustin\\Documents\\Facultad\\2025\\1er Cuatri\\COMPUTACIÓN MÓVIL BASADA SERVICIOS\\TpFinal\\tragolisto_backend\\lumen-backend\\vendor\\illuminate\\container\\BoundMethod.php(36): App\\Http\\Controllers\\LoginGoogleController->login()
#1 D:\\Usuarios\\Agustin\\Documents\\Facultad\\2025\\1er Cuatri\\COMPUTACIÓN MÓVIL BASADA SERVICIOS\\TpFinal\\tragolisto_backend\\lumen-backend\\vendor\\illuminate\\container\\Util.php(41): Illuminate\\Container\\BoundMethod::Illuminate\\Container\\{closure}()
#2 D:\\Usuarios\\Agustin\\Documents\\Facultad\\2025\\1er Cuatri\\COMPUTACIÓN MÓVIL BASADA SERVICIOS\\TpFinal\\tragolisto_backend\\lumen-backend\\vendor\\illuminate\\container\\BoundMethod.php(93): Illuminate\\Container\\Util::unwrapIfClosure()
#3 D:\\Usuarios\\Agustin\\Documents\\Facultad\\2025\\1er Cuatri\\COMPUTACIÓN MÓVIL BASADA SERVICIOS\\TpFinal\\tragolisto_backend\\lumen-backend\\vendor\\illuminate\\container\\BoundMethod.php(35): Illuminate\\Container\\BoundMethod::callBoundMethod()
#4 D:\\Usuarios\\Agustin\\Documents\\Facultad\\2025\\1er Cuatri\\COMPUTACIÓN MÓVIL BASADA SERVICIOS\\TpFinal\\tragolisto_backend\\lumen-backend\\vendor\\illuminate\\container\\Container.php(662): Illuminate\\Container\\BoundMethod::call()
#5 D:\\Usuarios\\Agustin\\Documents\\Facultad\\2025\\1er Cuatri\\COMPUTACIÓN MÓVIL BASADA SERVICIOS\\TpFinal\\tragolisto_backend\\lumen-backend\\vendor\\laravel\\lumen-framework\\src\\Concerns\\RoutesRequests.php(391): Illuminate\\Container\\Container->call()
#6 D:\\Usuarios\\Agustin\\Documents\\Facultad\\2025\\1er Cuatri\\COMPUTACIÓN MÓVIL BASADA SERVICIOS\\TpFinal\\tragolisto_backend\\lumen-backend\\vendor\\laravel\\lumen-framework\\src\\Concerns\\RoutesRequests.php(356): Laravel\\Lumen\\Application->callControllerCallable()
#7 D:\\Usuarios\\Agustin\\Documents\\Facultad\\2025\\1er Cuatri\\COMPUTACIÓN MÓVIL BASADA SERVICIOS\\TpFinal\\tragolisto_backend\\lumen-backend\\vendor\\laravel\\lumen-framework\\src\\Concerns\\RoutesRequests.php(331): Laravel\\Lumen\\Application->callLumenController()
#8 D:\\Usuarios\\Agustin\\Documents\\Facultad\\2025\\1er Cuatri\\COMPUTACIÓN MÓVIL BASADA SERVICIOS\\TpFinal\\tragolisto_backend\\lumen-backend\\vendor\\laravel\\lumen-framework\\src\\Concerns\\RoutesRequests.php(284): Laravel\\Lumen\\Application->callControllerAction()
#9 D:\\Usuarios\\Agustin\\Documents\\Facultad\\2025\\1er Cuatri\\COMPUTACIÓN MÓVIL BASADA SERVICIOS\\TpFinal\\tragolisto_backend\\lumen-backend\\vendor\\laravel\\lumen-framework\\src\\Concerns\\RoutesRequests.php(269): Laravel\\Lumen\\Application->callActionOnArrayBasedRoute()
#10 D:\\Usuarios\\Agustin\\Documents\\Facultad\\2025\\1er Cuatri\\COMPUTACIÓN MÓVIL BASADA SERVICIOS\\TpFinal\\tragolisto_backend\\lumen-backend\\vendor\\laravel\\lumen-framework\\src\\Concerns\\RoutesRequests.php(171): Laravel\\Lumen\\Application->handleFoundRoute()
#11 D:\\Usuarios\\Agustin\\Documents\\Facultad\\2025\\1er Cuatri\\COMPUTACIÓN MÓVIL BASADA SERVICIOS\\TpFinal\\tragolisto_backend\\lumen-backend\\vendor\\laravel\\lumen-framework\\src\\Concerns\\RoutesRequests.php(431): Laravel\\Lumen\\Application->Laravel\\Lumen\\Concerns\\{closure}()
#12 D:\\Usuarios\\Agustin\\Documents\\Facultad\\2025\\1er Cuatri\\COMPUTACIÓN MÓVIL BASADA SERVICIOS\\TpFinal\\tragolisto_backend\\lumen-backend\\vendor\\laravel\\lumen-framework\\src\\Concerns\\RoutesRequests.php(167): Laravel\\Lumen\\Application->sendThroughPipeline()
#13 D:\\Usuarios\\Agustin\\Documents\\Facultad\\2025\\1er Cuatri\\COMPUTACIÓN MÓVIL BASADA SERVICIOS\\TpFinal\\tragolisto_backend\\lumen-backend\\vendor\\laravel\\lumen-framework\\src\\Concerns\\RoutesRequests.php(112): Laravel\\Lumen\\Application->dispatch()
#14 D:\\Usuarios\\Agustin\\Documents\\Facultad\\2025\\1er Cuatri\\COMPUTACIÓN MÓVIL BASADA SERVICIOS\\TpFinal\\tragolisto_backend\\lumen-backend\\public\\index.php(7): Laravel\\Lumen\\Application->run()
#15 {main}
"} 
[2025-06-14 13:42:02] local.INFO: Google ID recibido para verificar: wM8tYMzDH3SZNPPiXH4dXJruDAt1  
[2025-06-14 15:58:30] local.ERROR: Class "App\Http\Controllers\Log" not found {"exception":"[object] (Error(code: 0): Class \"App\\Http\\Controllers\\Log\" not found at D:\\Usuarios\\Agustin\\Documents\\Facultad\\2025\\1er Cuatri\\COMPUTACIÓN MÓVIL BASADA SERVICIOS\\TpFinal\\tragolisto_backend\\lumen-backend\\app\\Http\\Controllers\\UserController.php:96)
[stacktrace]
#0 D:\\Usuarios\\Agustin\\Documents\\Facultad\\2025\\1er Cuatri\\COMPUTACIÓN MÓVIL BASADA SERVICIOS\\TpFinal\\tragolisto_backend\\lumen-backend\\vendor\\illuminate\\container\\BoundMethod.php(36): App\\Http\\Controllers\\UserController->completarOnboarding()
#1 D:\\Usuarios\\Agustin\\Documents\\Facultad\\2025\\1er Cuatri\\COMPUTACIÓN MÓVIL BASADA SERVICIOS\\TpFinal\\tragolisto_backend\\lumen-backend\\vendor\\illuminate\\container\\Util.php(41): Illuminate\\Container\\BoundMethod::Illuminate\\Container\\{closure}()
#2 D:\\Usuarios\\Agustin\\Documents\\Facultad\\2025\\1er Cuatri\\COMPUTACIÓN MÓVIL BASADA SERVICIOS\\TpFinal\\tragolisto_backend\\lumen-backend\\vendor\\illuminate\\container\\BoundMethod.php(93): Illuminate\\Container\\Util::unwrapIfClosure()
#3 D:\\Usuarios\\Agustin\\Documents\\Facultad\\2025\\1er Cuatri\\COMPUTACIÓN MÓVIL BASADA SERVICIOS\\TpFinal\\tragolisto_backend\\lumen-backend\\vendor\\illuminate\\container\\BoundMethod.php(35): Illuminate\\Container\\BoundMethod::callBoundMethod()
#4 D:\\Usuarios\\Agustin\\Documents\\Facultad\\2025\\1er Cuatri\\COMPUTACIÓN MÓVIL BASADA SERVICIOS\\TpFinal\\tragolisto_backend\\lumen-backend\\vendor\\illuminate\\container\\Container.php(662): Illuminate\\Container\\BoundMethod::call()
#5 D:\\Usuarios\\Agustin\\Documents\\Facultad\\2025\\1er Cuatri\\COMPUTACIÓN MÓVIL BASADA SERVICIOS\\TpFinal\\tragolisto_backend\\lumen-backend\\vendor\\laravel\\lumen-framework\\src\\Concerns\\RoutesRequests.php(391): Illuminate\\Container\\Container->call()
#6 D:\\Usuarios\\Agustin\\Documents\\Facultad\\2025\\1er Cuatri\\COMPUTACIÓN MÓVIL BASADA SERVICIOS\\TpFinal\\tragolisto_backend\\lumen-backend\\vendor\\laravel\\lumen-framework\\src\\Concerns\\RoutesRequests.php(356): Laravel\\Lumen\\Application->callControllerCallable()
#7 D:\\Usuarios\\Agustin\\Documents\\Facultad\\2025\\1er Cuatri\\COMPUTACIÓN MÓVIL BASADA SERVICIOS\\TpFinal\\tragolisto_backend\\lumen-backend\\vendor\\laravel\\lumen-framework\\src\\Concerns\\RoutesRequests.php(331): Laravel\\Lumen\\Application->callLumenController()
#8 D:\\Usuarios\\Agustin\\Documents\\Facultad\\2025\\1er Cuatri\\COMPUTACIÓN MÓVIL BASADA SERVICIOS\\TpFinal\\tragolisto_backend\\lumen-backend\\vendor\\laravel\\lumen-framework\\src\\Concerns\\RoutesRequests.php(284): Laravel\\Lumen\\Application->callControllerAction()
#9 D:\\Usuarios\\Agustin\\Documents\\Facultad\\2025\\1er Cuatri\\COMPUTACIÓN MÓVIL BASADA SERVICIOS\\TpFinal\\tragolisto_backend\\lumen-backend\\vendor\\laravel\\lumen-framework\\src\\Concerns\\RoutesRequests.php(269): Laravel\\Lumen\\Application->callActionOnArrayBasedRoute()
#10 D:\\Usuarios\\Agustin\\Documents\\Facultad\\2025\\1er Cuatri\\COMPUTACIÓN MÓVIL BASADA SERVICIOS\\TpFinal\\tragolisto_backend\\lumen-backend\\vendor\\laravel\\lumen-framework\\src\\Concerns\\RoutesRequests.php(171): Laravel\\Lumen\\Application->handleFoundRoute()
#11 D:\\Usuarios\\Agustin\\Documents\\Facultad\\2025\\1er Cuatri\\COMPUTACIÓN MÓVIL BASADA SERVICIOS\\TpFinal\\tragolisto_backend\\lumen-backend\\vendor\\laravel\\lumen-framework\\src\\Concerns\\RoutesRequests.php(431): Laravel\\Lumen\\Application->Laravel\\Lumen\\Concerns\\{closure}()
#12 D:\\Usuarios\\Agustin\\Documents\\Facultad\\2025\\1er Cuatri\\COMPUTACIÓN MÓVIL BASADA SERVICIOS\\TpFinal\\tragolisto_backend\\lumen-backend\\vendor\\laravel\\lumen-framework\\src\\Concerns\\RoutesRequests.php(167): Laravel\\Lumen\\Application->sendThroughPipeline()
#13 D:\\Usuarios\\Agustin\\Documents\\Facultad\\2025\\1er Cuatri\\COMPUTACIÓN MÓVIL BASADA SERVICIOS\\TpFinal\\tragolisto_backend\\lumen-backend\\vendor\\laravel\\lumen-framework\\src\\Concerns\\RoutesRequests.php(112): Laravel\\Lumen\\Application->dispatch()
#14 D:\\Usuarios\\Agustin\\Documents\\Facultad\\2025\\1er Cuatri\\COMPUTACIÓN MÓVIL BASADA SERVICIOS\\TpFinal\\tragolisto_backend\\lumen-backend\\public\\index.php(7): Laravel\\Lumen\\Application->run()
#15 {main}
"} 
[2025-06-14 15:58:41] local.ERROR: Class "App\Http\Controllers\Log" not found {"exception":"[object] (Error(code: 0): Class \"App\\Http\\Controllers\\Log\" not found at D:\\Usuarios\\Agustin\\Documents\\Facultad\\2025\\1er Cuatri\\COMPUTACIÓN MÓVIL BASADA SERVICIOS\\TpFinal\\tragolisto_backend\\lumen-backend\\app\\Http\\Controllers\\UserController.php:96)
[stacktrace]
#0 D:\\Usuarios\\Agustin\\Documents\\Facultad\\2025\\1er Cuatri\\COMPUTACIÓN MÓVIL BASADA SERVICIOS\\TpFinal\\tragolisto_backend\\lumen-backend\\vendor\\illuminate\\container\\BoundMethod.php(36): App\\Http\\Controllers\\UserController->completarOnboarding()
#1 D:\\Usuarios\\Agustin\\Documents\\Facultad\\2025\\1er Cuatri\\COMPUTACIÓN MÓVIL BASADA SERVICIOS\\TpFinal\\tragolisto_backend\\lumen-backend\\vendor\\illuminate\\container\\Util.php(41): Illuminate\\Container\\BoundMethod::Illuminate\\Container\\{closure}()
#2 D:\\Usuarios\\Agustin\\Documents\\Facultad\\2025\\1er Cuatri\\COMPUTACIÓN MÓVIL BASADA SERVICIOS\\TpFinal\\tragolisto_backend\\lumen-backend\\vendor\\illuminate\\container\\BoundMethod.php(93): Illuminate\\Container\\Util::unwrapIfClosure()
#3 D:\\Usuarios\\Agustin\\Documents\\Facultad\\2025\\1er Cuatri\\COMPUTACIÓN MÓVIL BASADA SERVICIOS\\TpFinal\\tragolisto_backend\\lumen-backend\\vendor\\illuminate\\container\\BoundMethod.php(35): Illuminate\\Container\\BoundMethod::callBoundMethod()
#4 D:\\Usuarios\\Agustin\\Documents\\Facultad\\2025\\1er Cuatri\\COMPUTACIÓN MÓVIL BASADA SERVICIOS\\TpFinal\\tragolisto_backend\\lumen-backend\\vendor\\illuminate\\container\\Container.php(662): Illuminate\\Container\\BoundMethod::call()
#5 D:\\Usuarios\\Agustin\\Documents\\Facultad\\2025\\1er Cuatri\\COMPUTACIÓN MÓVIL BASADA SERVICIOS\\TpFinal\\tragolisto_backend\\lumen-backend\\vendor\\laravel\\lumen-framework\\src\\Concerns\\RoutesRequests.php(391): Illuminate\\Container\\Container->call()
#6 D:\\Usuarios\\Agustin\\Documents\\Facultad\\2025\\1er Cuatri\\COMPUTACIÓN MÓVIL BASADA SERVICIOS\\TpFinal\\tragolisto_backend\\lumen-backend\\vendor\\laravel\\lumen-framework\\src\\Concerns\\RoutesRequests.php(356): Laravel\\Lumen\\Application->callControllerCallable()
#7 D:\\Usuarios\\Agustin\\Documents\\Facultad\\2025\\1er Cuatri\\COMPUTACIÓN MÓVIL BASADA SERVICIOS\\TpFinal\\tragolisto_backend\\lumen-backend\\vendor\\laravel\\lumen-framework\\src\\Concerns\\RoutesRequests.php(331): Laravel\\Lumen\\Application->callLumenController()
#8 D:\\Usuarios\\Agustin\\Documents\\Facultad\\2025\\1er Cuatri\\COMPUTACIÓN MÓVIL BASADA SERVICIOS\\TpFinal\\tragolisto_backend\\lumen-backend\\vendor\\laravel\\lumen-framework\\src\\Concerns\\RoutesRequests.php(284): Laravel\\Lumen\\Application->callControllerAction()
#9 D:\\Usuarios\\Agustin\\Documents\\Facultad\\2025\\1er Cuatri\\COMPUTACIÓN MÓVIL BASADA SERVICIOS\\TpFinal\\tragolisto_backend\\lumen-backend\\vendor\\laravel\\lumen-framework\\src\\Concerns\\RoutesRequests.php(269): Laravel\\Lumen\\Application->callActionOnArrayBasedRoute()
#10 D:\\Usuarios\\Agustin\\Documents\\Facultad\\2025\\1er Cuatri\\COMPUTACIÓN MÓVIL BASADA SERVICIOS\\TpFinal\\tragolisto_backend\\lumen-backend\\vendor\\laravel\\lumen-framework\\src\\Concerns\\RoutesRequests.php(171): Laravel\\Lumen\\Application->handleFoundRoute()
#11 D:\\Usuarios\\Agustin\\Documents\\Facultad\\2025\\1er Cuatri\\COMPUTACIÓN MÓVIL BASADA SERVICIOS\\TpFinal\\tragolisto_backend\\lumen-backend\\vendor\\laravel\\lumen-framework\\src\\Concerns\\RoutesRequests.php(431): Laravel\\Lumen\\Application->Laravel\\Lumen\\Concerns\\{closure}()
#12 D:\\Usuarios\\Agustin\\Documents\\Facultad\\2025\\1er Cuatri\\COMPUTACIÓN MÓVIL BASADA SERVICIOS\\TpFinal\\tragolisto_backend\\lumen-backend\\vendor\\laravel\\lumen-framework\\src\\Concerns\\RoutesRequests.php(167): Laravel\\Lumen\\Application->sendThroughPipeline()
#13 D:\\Usuarios\\Agustin\\Documents\\Facultad\\2025\\1er Cuatri\\COMPUTACIÓN MÓVIL BASADA SERVICIOS\\TpFinal\\tragolisto_backend\\lumen-backend\\vendor\\laravel\\lumen-framework\\src\\Concerns\\RoutesRequests.php(112): Laravel\\Lumen\\Application->dispatch()
#14 D:\\Usuarios\\Agustin\\Documents\\Facultad\\2025\\1er Cuatri\\COMPUTACIÓN MÓVIL BASADA SERVICIOS\\TpFinal\\tragolisto_backend\\lumen-backend\\public\\index.php(7): Laravel\\Lumen\\Application->run()
#15 {main}
"} 
[2025-06-14 15:58:58] local.ERROR: Class "App\Http\Controllers\Log" not found {"exception":"[object] (Error(code: 0): Class \"App\\Http\\Controllers\\Log\" not found at D:\\Usuarios\\Agustin\\Documents\\Facultad\\2025\\1er Cuatri\\COMPUTACIÓN MÓVIL BASADA SERVICIOS\\TpFinal\\tragolisto_backend\\lumen-backend\\app\\Http\\Controllers\\UserController.php:96)
[stacktrace]
#0 D:\\Usuarios\\Agustin\\Documents\\Facultad\\2025\\1er Cuatri\\COMPUTACIÓN MÓVIL BASADA SERVICIOS\\TpFinal\\tragolisto_backend\\lumen-backend\\vendor\\illuminate\\container\\BoundMethod.php(36): App\\Http\\Controllers\\UserController->completarOnboarding()
#1 D:\\Usuarios\\Agustin\\Documents\\Facultad\\2025\\1er Cuatri\\COMPUTACIÓN MÓVIL BASADA SERVICIOS\\TpFinal\\tragolisto_backend\\lumen-backend\\vendor\\illuminate\\container\\Util.php(41): Illuminate\\Container\\BoundMethod::Illuminate\\Container\\{closure}()
#2 D:\\Usuarios\\Agustin\\Documents\\Facultad\\2025\\1er Cuatri\\COMPUTACIÓN MÓVIL BASADA SERVICIOS\\TpFinal\\tragolisto_backend\\lumen-backend\\vendor\\illuminate\\container\\BoundMethod.php(93): Illuminate\\Container\\Util::unwrapIfClosure()
#3 D:\\Usuarios\\Agustin\\Documents\\Facultad\\2025\\1er Cuatri\\COMPUTACIÓN MÓVIL BASADA SERVICIOS\\TpFinal\\tragolisto_backend\\lumen-backend\\vendor\\illuminate\\container\\BoundMethod.php(35): Illuminate\\Container\\BoundMethod::callBoundMethod()
#4 D:\\Usuarios\\Agustin\\Documents\\Facultad\\2025\\1er Cuatri\\COMPUTACIÓN MÓVIL BASADA SERVICIOS\\TpFinal\\tragolisto_backend\\lumen-backend\\vendor\\illuminate\\container\\Container.php(662): Illuminate\\Container\\BoundMethod::call()
#5 D:\\Usuarios\\Agustin\\Documents\\Facultad\\2025\\1er Cuatri\\COMPUTACIÓN MÓVIL BASADA SERVICIOS\\TpFinal\\tragolisto_backend\\lumen-backend\\vendor\\laravel\\lumen-framework\\src\\Concerns\\RoutesRequests.php(391): Illuminate\\Container\\Container->call()
#6 D:\\Usuarios\\Agustin\\Documents\\Facultad\\2025\\1er Cuatri\\COMPUTACIÓN MÓVIL BASADA SERVICIOS\\TpFinal\\tragolisto_backend\\lumen-backend\\vendor\\laravel\\lumen-framework\\src\\Concerns\\RoutesRequests.php(356): Laravel\\Lumen\\Application->callControllerCallable()
#7 D:\\Usuarios\\Agustin\\Documents\\Facultad\\2025\\1er Cuatri\\COMPUTACIÓN MÓVIL BASADA SERVICIOS\\TpFinal\\tragolisto_backend\\lumen-backend\\vendor\\laravel\\lumen-framework\\src\\Concerns\\RoutesRequests.php(331): Laravel\\Lumen\\Application->callLumenController()
#8 D:\\Usuarios\\Agustin\\Documents\\Facultad\\2025\\1er Cuatri\\COMPUTACIÓN MÓVIL BASADA SERVICIOS\\TpFinal\\tragolisto_backend\\lumen-backend\\vendor\\laravel\\lumen-framework\\src\\Concerns\\RoutesRequests.php(284): Laravel\\Lumen\\Application->callControllerAction()
#9 D:\\Usuarios\\Agustin\\Documents\\Facultad\\2025\\1er Cuatri\\COMPUTACIÓN MÓVIL BASADA SERVICIOS\\TpFinal\\tragolisto_backend\\lumen-backend\\vendor\\laravel\\lumen-framework\\src\\Concerns\\RoutesRequests.php(269): Laravel\\Lumen\\Application->callActionOnArrayBasedRoute()
#10 D:\\Usuarios\\Agustin\\Documents\\Facultad\\2025\\1er Cuatri\\COMPUTACIÓN MÓVIL BASADA SERVICIOS\\TpFinal\\tragolisto_backend\\lumen-backend\\vendor\\laravel\\lumen-framework\\src\\Concerns\\RoutesRequests.php(171): Laravel\\Lumen\\Application->handleFoundRoute()
#11 D:\\Usuarios\\Agustin\\Documents\\Facultad\\2025\\1er Cuatri\\COMPUTACIÓN MÓVIL BASADA SERVICIOS\\TpFinal\\tragolisto_backend\\lumen-backend\\vendor\\laravel\\lumen-framework\\src\\Concerns\\RoutesRequests.php(431): Laravel\\Lumen\\Application->Laravel\\Lumen\\Concerns\\{closure}()
#12 D:\\Usuarios\\Agustin\\Documents\\Facultad\\2025\\1er Cuatri\\COMPUTACIÓN MÓVIL BASADA SERVICIOS\\TpFinal\\tragolisto_backend\\lumen-backend\\vendor\\laravel\\lumen-framework\\src\\Concerns\\RoutesRequests.php(167): Laravel\\Lumen\\Application->sendThroughPipeline()
#13 D:\\Usuarios\\Agustin\\Documents\\Facultad\\2025\\1er Cuatri\\COMPUTACIÓN MÓVIL BASADA SERVICIOS\\TpFinal\\tragolisto_backend\\lumen-backend\\vendor\\laravel\\lumen-framework\\src\\Concerns\\RoutesRequests.php(112): Laravel\\Lumen\\Application->dispatch()
#14 D:\\Usuarios\\Agustin\\Documents\\Facultad\\2025\\1er Cuatri\\COMPUTACIÓN MÓVIL BASADA SERVICIOS\\TpFinal\\tragolisto_backend\\lumen-backend\\public\\index.php(7): Laravel\\Lumen\\Application->run()
#15 {main}
"} 
[2025-06-14 16:00:08] local.ERROR: Class "App\Http\Controllers\Log" not found {"exception":"[object] (Error(code: 0): Class \"App\\Http\\Controllers\\Log\" not found at D:\\Usuarios\\Agustin\\Documents\\Facultad\\2025\\1er Cuatri\\COMPUTACIÓN MÓVIL BASADA SERVICIOS\\TpFinal\\tragolisto_backend\\lumen-backend\\app\\Http\\Controllers\\UserController.php:79)
[stacktrace]
#0 D:\\Usuarios\\Agustin\\Documents\\Facultad\\2025\\1er Cuatri\\COMPUTACIÓN MÓVIL BASADA SERVICIOS\\TpFinal\\tragolisto_backend\\lumen-backend\\vendor\\illuminate\\container\\BoundMethod.php(36): App\\Http\\Controllers\\UserController->completarOnboarding()
#1 D:\\Usuarios\\Agustin\\Documents\\Facultad\\2025\\1er Cuatri\\COMPUTACIÓN MÓVIL BASADA SERVICIOS\\TpFinal\\tragolisto_backend\\lumen-backend\\vendor\\illuminate\\container\\Util.php(41): Illuminate\\Container\\BoundMethod::Illuminate\\Container\\{closure}()
#2 D:\\Usuarios\\Agustin\\Documents\\Facultad\\2025\\1er Cuatri\\COMPUTACIÓN MÓVIL BASADA SERVICIOS\\TpFinal\\tragolisto_backend\\lumen-backend\\vendor\\illuminate\\container\\BoundMethod.php(93): Illuminate\\Container\\Util::unwrapIfClosure()
#3 D:\\Usuarios\\Agustin\\Documents\\Facultad\\2025\\1er Cuatri\\COMPUTACIÓN MÓVIL BASADA SERVICIOS\\TpFinal\\tragolisto_backend\\lumen-backend\\vendor\\illuminate\\container\\BoundMethod.php(35): Illuminate\\Container\\BoundMethod::callBoundMethod()
#4 D:\\Usuarios\\Agustin\\Documents\\Facultad\\2025\\1er Cuatri\\COMPUTACIÓN MÓVIL BASADA SERVICIOS\\TpFinal\\tragolisto_backend\\lumen-backend\\vendor\\illuminate\\container\\Container.php(662): Illuminate\\Container\\BoundMethod::call()
#5 D:\\Usuarios\\Agustin\\Documents\\Facultad\\2025\\1er Cuatri\\COMPUTACIÓN MÓVIL BASADA SERVICIOS\\TpFinal\\tragolisto_backend\\lumen-backend\\vendor\\laravel\\lumen-framework\\src\\Concerns\\RoutesRequests.php(391): Illuminate\\Container\\Container->call()
#6 D:\\Usuarios\\Agustin\\Documents\\Facultad\\2025\\1er Cuatri\\COMPUTACIÓN MÓVIL BASADA SERVICIOS\\TpFinal\\tragolisto_backend\\lumen-backend\\vendor\\laravel\\lumen-framework\\src\\Concerns\\RoutesRequests.php(356): Laravel\\Lumen\\Application->callControllerCallable()
#7 D:\\Usuarios\\Agustin\\Documents\\Facultad\\2025\\1er Cuatri\\COMPUTACIÓN MÓVIL BASADA SERVICIOS\\TpFinal\\tragolisto_backend\\lumen-backend\\vendor\\laravel\\lumen-framework\\src\\Concerns\\RoutesRequests.php(331): Laravel\\Lumen\\Application->callLumenController()
#8 D:\\Usuarios\\Agustin\\Documents\\Facultad\\2025\\1er Cuatri\\COMPUTACIÓN MÓVIL BASADA SERVICIOS\\TpFinal\\tragolisto_backend\\lumen-backend\\vendor\\laravel\\lumen-framework\\src\\Concerns\\RoutesRequests.php(284): Laravel\\Lumen\\Application->callControllerAction()
#9 D:\\Usuarios\\Agustin\\Documents\\Facultad\\2025\\1er Cuatri\\COMPUTACIÓN MÓVIL BASADA SERVICIOS\\TpFinal\\tragolisto_backend\\lumen-backend\\vendor\\laravel\\lumen-framework\\src\\Concerns\\RoutesRequests.php(269): Laravel\\Lumen\\Application->callActionOnArrayBasedRoute()
#10 D:\\Usuarios\\Agustin\\Documents\\Facultad\\2025\\1er Cuatri\\COMPUTACIÓN MÓVIL BASADA SERVICIOS\\TpFinal\\tragolisto_backend\\lumen-backend\\vendor\\laravel\\lumen-framework\\src\\Concerns\\RoutesRequests.php(171): Laravel\\Lumen\\Application->handleFoundRoute()
#11 D:\\Usuarios\\Agustin\\Documents\\Facultad\\2025\\1er Cuatri\\COMPUTACIÓN MÓVIL BASADA SERVICIOS\\TpFinal\\tragolisto_backend\\lumen-backend\\vendor\\laravel\\lumen-framework\\src\\Concerns\\RoutesRequests.php(431): Laravel\\Lumen\\Application->Laravel\\Lumen\\Concerns\\{closure}()
#12 D:\\Usuarios\\Agustin\\Documents\\Facultad\\2025\\1er Cuatri\\COMPUTACIÓN MÓVIL BASADA SERVICIOS\\TpFinal\\tragolisto_backend\\lumen-backend\\vendor\\laravel\\lumen-framework\\src\\Concerns\\RoutesRequests.php(167): Laravel\\Lumen\\Application->sendThroughPipeline()
#13 D:\\Usuarios\\Agustin\\Documents\\Facultad\\2025\\1er Cuatri\\COMPUTACIÓN MÓVIL BASADA SERVICIOS\\TpFinal\\tragolisto_backend\\lumen-backend\\vendor\\laravel\\lumen-framework\\src\\Concerns\\RoutesRequests.php(112): Laravel\\Lumen\\Application->dispatch()
#14 D:\\Usuarios\\Agustin\\Documents\\Facultad\\2025\\1er Cuatri\\COMPUTACIÓN MÓVIL BASADA SERVICIOS\\TpFinal\\tragolisto_backend\\lumen-backend\\public\\index.php(7): Laravel\\Lumen\\Application->run()
#15 {main}
"} 
